   +--------------------------------------------+
   |      2-D & 2-PHASE RESERVOIR SIMULATOR     |
   |                                            |
   |         The University of Tulsa            |
   |         Petroleum Engineering              |
   |         Reservoir Simulation I             |
   |         Prof. Al Reynolds                  |
   |         Alexandre Emerick                  |
   |                                            |
   |       Version 2.1.0, August 2011        |
   +--------------------------------------------+

MODEL  : UA_INJ_inj_00001.dat
WORKDIR: E:\Dropbox\CodeBunker\MESTRADO\S3_PFP\UAA\projects\UA_INJ\RUN\inj_00001\

Nx   = 15
Ny   = 30
VOIP = 5102798.12 STB

-------------------------------------------
REPORT STEP # 1
    Report step size   :  120 days
    Cumulative time    :  120 days
    Date               : 2008-4-30
    Oil mass balance   : 1.000
    Water mass balance : 1.000
    Average pressure   : 2890.1 psi

-------------------------------------------
REPORT STEP # 2
    Report step size   :  150 days
    Cumulative time    :  270 days
    Date               : 2008-9-27
    Oil mass balance   : 1.000
    Water mass balance : 1.000
    Average pressure   : 2898.8 psi

-------------------------------------------
REPORT STEP # 3
    Report step size   :  150 days
    Cumulative time    :  420 days
    Date               : 2009-2-24
    Oil mass balance   : 1.000
    Water mass balance : 1.000
    Average pressure   : 2907.1 psi

-------------------------------------------
REPORT STEP # 4
    Report step size   :  150 days
    Cumulative time    :  570 days
    Date               : 2009-7-24
    Oil mass balance   : 1.000
    Water mass balance : 1.000
    Average pressure   : 2912.9 psi

-------------------------------------------
REPORT STEP # 5
    Report step size   :  150 days
    Cumulative time    :  720 days
    Date               : 2009-12-21
    Oil mass balance   : 1.000
    Water mass balance : 1.000
    Average pressure   : 2917.4 psi

-------------------------------------------
REPORT STEP # 6
    Report step size   :  150 days
    Cumulative time    :  870 days
    Date               : 2010-5-20
    Oil mass balance   : 1.000
    Water mass balance : 1.000
    Average pressure   : 2921.1 psi

-------------------------------------------
REPORT STEP # 7
    Report step size   :  150 days
    Cumulative time    : 1020 days
    Date               : 2010-10-17
    Oil mass balance   : 1.000
    Water mass balance : 1.000
    Average pressure   : 2924.3 psi

-------------------------------------------
REPORT STEP # 8
    Report step size   :  150 days
    Cumulative time    : 1170 days
    Date               : 2011-3-16
    Oil mass balance   : 1.000
    Water mass balance : 1.000
    Average pressure   : 2927.2 psi

-------------------------------------------
REPORT STEP # 9
    Report step size   :  150 days
    Cumulative time    : 1320 days
    Date               : 2011-8-13
    Oil mass balance   : 1.000
    Water mass balance : 1.000
    Average pressure   : 2929.7 psi

-------------------------------------------
REPORT STEP # 10
    Report step size   :  150 days
    Cumulative time    : 1470 days
    Date               : 2012-1-10
    Oil mass balance   : 1.000
    Water mass balance : 1.000
    Average pressure   : 2931.9 psi

-------------------------------------------
REPORT STEP # 11
    Report step size   :  150 days
    Cumulative time    : 1620 days
    Date               : 2012-6-8
    Oil mass balance   : 1.000
    Water mass balance : 1.000
    Average pressure   : 2933.6 psi

-------------------------------------------
REPORT STEP # 12
    Report step size   :  150 days
    Cumulative time    : 1770 days
    Date               : 2012-11-5
    Oil mass balance   : 1.000
    Water mass balance : 1.000
    Average pressure   : 2935.0 psi

-------------------------------------------
REPORT STEP # 13
    Report step size   :  150 days
    Cumulative time    : 1920 days
    Date               : 2013-4-4
    Oil mass balance   : 1.000
    Water mass balance : 1.000
    Average pressure   : 2935.9 psi

-------------------------------------------
REPORT STEP # 14
    Report step size   :  150 days
    Cumulative time    : 2070 days
    Date               : 2013-9-1
    Oil mass balance   : 1.000
    Water mass balance : 1.000
    Average pressure   : 2936.6 psi

-------------------------------------------
REPORT STEP # 15
    Report step size   :  150 days
    Cumulative time    : 2220 days
    Date               : 2014-1-29
    Oil mass balance   : 1.000
    Water mass balance : 1.000
    Average pressure   : 2937.0 psi

-------------------------------------------
REPORT STEP # 16
    Report step size   :  150 days
    Cumulative time    : 2370 days
    Date               : 2014-6-28
    Oil mass balance   : 1.000
    Water mass balance : 1.000
    Average pressure   : 2937.2 psi

-------------------------------------------
REPORT STEP # 17
    Report step size   :  150 days
    Cumulative time    : 2520 days
    Date               : 2014-11-25
    Oil mass balance   : 1.000
    Water mass balance : 1.000
    Average pressure   : 2937.3 psi

-------------------------------------------
REPORT STEP # 18
    Report step size   :  150 days
    Cumulative time    : 2670 days
    Date               : 2015-4-24
    Oil mass balance   : 1.000
    Water mass balance : 1.000
    Average pressure   : 2937.3 psi

-------------------------------------------
REPORT STEP # 19
    Report step size   :  150 days
    Cumulative time    : 2820 days
    Date               : 2015-9-21
    Oil mass balance   : 1.000
    Water mass balance : 1.000
    Average pressure   : 2937.2 psi

-------------------------------------------
REPORT STEP # 20
    Report step size   :  150 days
    Cumulative time    : 2970 days
    Date               : 2016-2-18
    Oil mass balance   : 1.000
    Water mass balance : 1.000
    Average pressure   : 2937.1 psi

-------------------------------------------
REPORT STEP # 21
    Report step size   :  150 days
    Cumulative time    : 3120 days
    Date               : 2016-7-17
    Oil mass balance   : 1.000
    Water mass balance : 1.000
    Average pressure   : 2936.9 psi

-------------------------------------------
REPORT STEP # 22
    Report step size   :  150 days
    Cumulative time    : 3270 days
    Date               : 2016-12-14
    Oil mass balance   : 1.000
    Water mass balance : 1.000
    Average pressure   : 2936.6 psi

-------------------------------------------
REPORT STEP # 23
    Report step size   :  150 days
    Cumulative time    : 3420 days
    Date               : 2017-5-13
    Oil mass balance   : 1.000
    Water mass balance : 1.000
    Average pressure   : 2936.3 psi

-------------------------------------------
REPORT STEP # 24
    Report step size   :  150 days
    Cumulative time    : 3570 days
    Date               : 2017-10-10
    Oil mass balance   : 1.000
    Water mass balance : 1.000
    Average pressure   : 2936.0 psi

-------------------------------------------
REPORT STEP # 25
    Report step size   :  150 days
    Cumulative time    : 3720 days
    Date               : 2018-3-9
    Oil mass balance   : 1.000
    Water mass balance : 1.000
    Average pressure   : 2935.6 psi

-------------------------------------------
GLOBAL MASS BALANCE:
    Oil mass balance   : 1.000
    Water mass balance : 1.000

CUMULATIVE PRODUCTION:
    Time             : 3720 days
    Date             : 2018-3-9
    Oil production   : 4.908E+06 STB
    Water production : 3.637E+06 STB
    Water injection  : 8.418E+06 STB
    Average pressure : 2935.6 psi
Output files:
   UA_INJ_inj_00001.well
   UA_INJ_inj_00001.sw
   UA_INJ_inj_00001.pres
   UA_INJ_inj_00001.debug

Elapsed time: 3.36 sec.
Solver time : 2.58 sec.
